03-21 14:32 INFO Epoch: 0, Train Loss: 1.55979581455608, Val Loss: 1.2479827404022217
03-21 14:33 INFO Epoch: 1, Train Loss: 1.1667077399435497, Val Loss: 0.9660720725854238
03-21 14:34 INFO Epoch: 2, Train Loss: 0.9227437848573202, Val Loss: 0.8748047053813934
03-21 14:35 INFO Epoch: 3, Train Loss: 0.8213425809210473, Val Loss: 0.7342611700296402
03-21 14:36 INFO Epoch: 4, Train Loss: 0.7165932540710156, Val Loss: 0.6065529435873032
03-21 14:37 INFO Epoch: 5, Train Loss: 0.5754411816051155, Val Loss: 0.5340740631024042
03-21 14:38 INFO Epoch: 6, Train Loss: 0.4975321765566047, Val Loss: 0.46759746347864467
03-21 14:39 INFO Epoch: 7, Train Loss: 0.44169219557346007, Val Loss: 0.4523226395249367
03-21 14:40 INFO Epoch: 8, Train Loss: 0.4065978002526385, Val Loss: 0.3688126280903816
03-21 14:41 INFO Epoch: 9, Train Loss: 0.43758528532235175, Val Loss: 0.42887534697850543
03-21 14:42 INFO Epoch: 10, Train Loss: 0.4015428431523152, Val Loss: 0.38515303656458855
03-21 14:43 INFO Epoch: 11, Train Loss: 0.3620992601736561, Val Loss: 0.35158970082799595
03-21 14:44 INFO Epoch: 12, Train Loss: 0.32815391305090363, Val Loss: 0.31979862973093987
03-21 14:45 INFO Epoch: 13, Train Loss: 0.3011616673900476, Val Loss: 0.29680800686279935
03-21 14:46 INFO Epoch: 14, Train Loss: 0.27284366325662907, Val Loss: 0.2755586976806323
03-21 14:47 INFO Epoch: 15, Train Loss: 0.2858393266455922, Val Loss: 0.31295940404136974
03-21 14:48 INFO Epoch: 16, Train Loss: 0.2897047624128424, Val Loss: 0.310791103169322
03-21 14:49 INFO Epoch: 17, Train Loss: 0.24873956347109524, Val Loss: 0.24072211484114328
03-21 14:50 INFO Epoch: 18, Train Loss: 0.21592605656103295, Val Loss: 0.2015675182143847
03-21 14:51 INFO Epoch: 19, Train Loss: 0.17753297786602337, Val Loss: 0.17961408384144306
03-21 14:52 INFO Epoch: 20, Train Loss: 0.1549544085334004, Val Loss: 0.15096113178879023
03-21 14:53 INFO Epoch: 21, Train Loss: 0.12630905330457448, Val Loss: 0.13495378755033016
03-21 14:54 INFO Epoch: 22, Train Loss: 0.12063242436127375, Val Loss: 0.11859838074694078
03-21 14:54 INFO Epoch: 23, Train Loss: 0.10616188386758796, Val Loss: 0.10229216422885656
03-21 14:55 INFO Epoch: 24, Train Loss: 0.08126413522404619, Val Loss: 0.07853553708021839
03-21 14:56 INFO Epoch: 25, Train Loss: 0.05861699043844755, Val Loss: 0.06193075103995701
03-21 14:57 INFO Epoch: 26, Train Loss: 0.036104144137205585, Val Loss: 0.04388023165423268
03-21 14:58 INFO Epoch: 27, Train Loss: 0.01907979757931201, Val Loss: 0.03995926270727068
03-21 14:59 INFO Epoch: 28, Train Loss: 0.008531688994300747, Val Loss: 0.020683524179427575
03-21 15:00 INFO Epoch: 29, Train Loss: -0.006111477491029644, Val Loss: 0.01005657472948466
03-21 15:01 INFO Epoch: 30, Train Loss: -0.0171011469016206, Val Loss: 0.005737153396088009
03-21 15:02 INFO Epoch: 31, Train Loss: -0.022929287145546238, Val Loss: -0.014891734732373152
03-21 15:03 INFO Epoch: 32, Train Loss: -0.030012378762386598, Val Loss: -0.015317493790159157
03-21 15:04 INFO Epoch: 33, Train Loss: -0.04321799843466326, Val Loss: -0.02808028746342946
03-21 15:05 INFO Epoch: 34, Train Loss: -0.053006689444020344, Val Loss: -0.020169835925723117
03-21 15:06 INFO Epoch: 35, Train Loss: -0.06241859869810586, Val Loss: -0.03386231100497147
03-21 15:07 INFO Epoch: 36, Train Loss: -0.06644575538081678, Val Loss: -0.046588264987803996
03-21 15:08 INFO Epoch: 37, Train Loss: -0.06688876456879343, Val Loss: -0.03987839932960924
03-21 15:09 INFO Epoch: 38, Train Loss: -0.08843388518622579, Val Loss: -0.00613933060473452
03-21 15:10 INFO Epoch: 39, Train Loss: -0.042470333406673645, Val Loss: -0.040306300453115305
03-21 15:11 INFO Epoch: 40, Train Loss: -0.07977008837494125, Val Loss: -0.039876682189060375
03-21 15:12 INFO Epoch: 41, Train Loss: -0.07851671748760501, Val Loss: -0.052723987629481904
03-21 15:13 INFO Epoch: 42, Train Loss: -0.09714181080254583, Val Loss: 0.0006054059485904872
03-21 15:14 INFO Epoch: 43, Train Loss: -0.10153797141333015, Val Loss: -0.05888959049480036
03-21 15:15 INFO Epoch: 44, Train Loss: -0.10856937040338606, Val Loss: -0.05748583911918104
03-21 15:16 INFO Epoch: 45, Train Loss: 0.3423930133060525, Val Loss: 0.011906293725284437
03-21 15:17 INFO Epoch: 46, Train Loss: -0.005123081191800255, Val Loss: -0.021523100479195516
03-21 15:18 INFO Epoch: 47, Train Loss: -0.03885043748878727, Val Loss: -0.030273755071296666
03-21 15:19 INFO Epoch: 48, Train Loss: -0.05577100395177175, Val Loss: -0.03806217422728272
03-21 15:20 INFO Epoch: 49, Train Loss: -0.06361521252937974, Val Loss: -0.0421457487779359
03-21 15:20 INFO Epoch: 50, Train Loss: -0.07872685524071063, Val Loss: -0.04162123958910039
03-21 15:21 INFO Epoch: 51, Train Loss: -0.08003876867390454, Val Loss: -0.04415245429845527
03-21 15:22 INFO Epoch: 52, Train Loss: -0.08658390612220837, Val Loss: -0.05264851990917426
03-21 15:23 INFO Epoch: 53, Train Loss: -0.09169918298049687, Val Loss: -0.05359092976383787
03-21 15:24 INFO Epoch: 54, Train Loss: -0.09707978052060903, Val Loss: -0.05588816541906757
03-21 15:25 INFO Epoch: 55, Train Loss: -0.09894794400230446, Val Loss: -0.06583310928181163
03-21 15:26 INFO Epoch: 56, Train Loss: -0.10840127437002146, Val Loss: -0.06297515866269048
03-21 15:27 INFO Epoch: 57, Train Loss: -0.10796927760157737, Val Loss: -0.051724634133279324
03-21 15:28 INFO Epoch: 58, Train Loss: -0.10837182910038196, Val Loss: -0.05943291833197387
03-21 15:29 INFO Epoch: 59, Train Loss: -0.14882207689742322, Val Loss: 0.32155007558564347
03-21 15:30 INFO Epoch: 60, Train Loss: 0.025612325446769526, Val Loss: -0.021608635744390387
03-21 15:31 INFO Epoch: 61, Train Loss: -0.06196747795570362, Val Loss: -0.04324764968866172
03-21 15:32 INFO Epoch: 62, Train Loss: -0.07567763213137368, Val Loss: -0.04858426963134358
03-21 15:33 INFO Epoch: 63, Train Loss: -0.09132409146386702, Val Loss: -0.04975980985303371
03-21 15:34 INFO Epoch: 64, Train Loss: -0.09859199728752784, Val Loss: -0.05427843431243673
03-21 15:35 INFO Epoch: 65, Train Loss: -0.10062237235976745, Val Loss: -0.05573983311963578
03-21 15:36 INFO Epoch: 66, Train Loss: -0.10010920899940208, Val Loss: -0.059448589221574366
03-21 15:37 INFO Epoch: 67, Train Loss: -0.11318913391014143, Val Loss: -0.062434570553402104
03-21 15:38 INFO Epoch: 68, Train Loss: -0.10983448673110889, Val Loss: -0.060606325966849305
03-21 15:39 INFO Epoch: 69, Train Loss: -0.11300475235206277, Val Loss: -0.05448998078403141
03-21 15:40 INFO Epoch: 70, Train Loss: -0.11462222754694316, Val Loss: -0.07485870609525591
03-21 15:41 INFO Epoch: 71, Train Loss: -0.11817965869643195, Val Loss: -0.06524661367681499
03-21 15:42 INFO Epoch: 72, Train Loss: -0.12267419994969338, Val Loss: -0.06721133252237148
03-21 15:43 INFO Epoch: 73, Train Loss: -0.10736801359185653, Val Loss: -0.0685708259503978
03-21 15:44 INFO Epoch: 74, Train Loss: -0.11768514296971049, Val Loss: -0.06367992958985269
03-21 15:45 INFO Epoch: 75, Train Loss: -0.06550183358706488, Val Loss: -0.06075080976006575
03-21 15:46 INFO Epoch: 76, Train Loss: -0.09734759090569352, Val Loss: -0.06724293068206559
03-21 15:47 INFO Epoch: 77, Train Loss: -0.07501199319751868, Val Loss: 0.003151385889699062
03-21 15:48 INFO Epoch: 78, Train Loss: 0.001996374431498988, Val Loss: 0.0010086638834157686
03-21 15:49 INFO Epoch: 79, Train Loss: -0.050467565813380716, Val Loss: -0.05861045984784141
03-21 15:50 INFO Epoch: 80, Train Loss: -0.09562052653413441, Val Loss: -0.0679112049304725
03-21 15:50 INFO Epoch: 81, Train Loss: -0.11129388672602811, Val Loss: -0.05471936179431699
03-21 15:51 INFO Epoch: 82, Train Loss: -0.08311990532156714, Val Loss: 0.001444292701004694
03-21 15:52 INFO Epoch: 83, Train Loss: 0.0012870101201017097, Val Loss: 0.0009480722001171671
03-21 15:53 INFO Epoch: 84, Train Loss: 0.0009099322329554621, Val Loss: 0.0007310597987573905
03-21 15:54 INFO Epoch: 85, Train Loss: 0.0007178708267033155, Val Loss: 0.0005783922097180039
03-21 15:55 INFO Epoch: 86, Train Loss: 0.0005878188260131594, Val Loss: 0.00048453948329552077
03-21 15:56 INFO Epoch: 87, Train Loss: 0.00048765957696323244, Val Loss: 0.00040848314165486954
03-21 15:57 INFO Epoch: 88, Train Loss: 0.00041918085757753856, Val Loss: 0.0003504049297286353
03-21 15:58 INFO Epoch: 89, Train Loss: 0.0003576623823838274, Val Loss: 0.0003045136339399808
03-21 15:59 INFO Epoch: 90, Train Loss: 0.00030410158434618665, Val Loss: 0.00026063001617634046
03-21 16:00 INFO Epoch: 91, Train Loss: 0.000263648961147041, Val Loss: 0.00022698944424822307
03-21 16:01 INFO Epoch: 92, Train Loss: 0.00022752131965487254, Val Loss: 0.00019487458545578798
03-21 16:02 INFO Epoch: 93, Train Loss: 0.00019841319776904315, Val Loss: 0.00017397807217397107
03-21 16:03 INFO Epoch: 94, Train Loss: 0.00017500470261065624, Val Loss: 0.0001527042895759223
03-21 16:04 INFO Epoch: 95, Train Loss: 0.00015310695327017986, Val Loss: 0.00013368382436359147
03-21 16:05 INFO Epoch: 96, Train Loss: 0.0001301310552355975, Val Loss: 0.00011547865475828682
03-21 16:06 INFO Epoch: 97, Train Loss: 0.00011316744927910973, Val Loss: 0.00010251719443961822
03-21 16:07 INFO Epoch: 98, Train Loss: 9.957423739145073e-05, Val Loss: 8.89542843651725e-05
03-21 16:08 INFO Epoch: 99, Train Loss: 8.195614543388069e-05, Val Loss: 3.930019358714768e-05
